Pig Stack Trace
---------------
ERROR 1066: Unable to open iterator for alias result

org.apache.pig.impl.logicalLayer.FrontendException: ERROR 1066: Unable to open iterator for alias result
	at org.apache.pig.PigServer.openIterator(PigServer.java:1019)
	at org.apache.pig.tools.grunt.GruntParser.processDump(GruntParser.java:747)
	at org.apache.pig.tools.pigscript.parser.PigScriptParser.parse(PigScriptParser.java:376)
	at org.apache.pig.tools.grunt.GruntParser.parseStopOnError(GruntParser.java:231)
	at org.apache.pig.tools.grunt.GruntParser.parseStopOnError(GruntParser.java:206)
	at org.apache.pig.tools.grunt.Grunt.exec(Grunt.java:81)
	at org.apache.pig.Main.run(Main.java:501)
	at org.apache.pig.Main.main(Main.java:176)
	at sun.reflect.NativeMethodAccessorImpl.invoke0(Native Method)
	at sun.reflect.NativeMethodAccessorImpl.invoke(NativeMethodAccessorImpl.java:62)
	at sun.reflect.DelegatingMethodAccessorImpl.invoke(DelegatingMethodAccessorImpl.java:43)
	at java.lang.reflect.Method.invoke(Method.java:498)
	at org.apache.hadoop.util.RunJar.run(RunJar.java:234)
	at org.apache.hadoop.util.RunJar.main(RunJar.java:148)
Caused by: org.apache.pig.backend.datastorage.DataStorageException: ERROR 0: org.apache.hadoop.hdfs.server.namenode.SafeModeException: Cannot create directory /tmp/temp1965717522. Name node is in safe mode.
The reported blocks 2280 needs additional 32 blocks to reach the threshold 0.9990 of total blocks 2315.
The number of live datanodes 1 has reached the minimum number 0. Safe mode will be turned off automatically once the thresholds have been reached.
	at org.apache.hadoop.hdfs.server.namenode.FSNamesystem.newSafemodeException(FSNamesystem.java:1372)
	at org.apache.hadoop.hdfs.server.namenode.FSNamesystem.checkNameNodeSafeMode(FSNamesystem.java:1360)
	at org.apache.hadoop.hdfs.server.namenode.FSNamesystem.mkdirs(FSNamesystem.java:2969)
	at org.apache.hadoop.hdfs.server.namenode.NameNodeRpcServer.mkdirs(NameNodeRpcServer.java:1078)
	at org.apache.hadoop.hdfs.protocolPB.ClientNamenodeProtocolServerSideTranslatorPB.mkdirs(ClientNamenodeProtocolServerSideTranslatorPB.java:637)
	at org.apache.hadoop.hdfs.protocol.proto.ClientNamenodeProtocolProtos$ClientNamenodeProtocol$2.callBlockingMethod(ClientNamenodeProtocolProtos.java)
	at org.apache.hadoop.ipc.ProtobufRpcEngine$Server$ProtoBufRpcInvoker.call(ProtobufRpcEngine.java:447)
	at org.apache.hadoop.ipc.RPC$Server.call(RPC.java:989)
	at org.apache.hadoop.ipc.Server$RpcCall.run(Server.java:845)
	at org.apache.hadoop.ipc.Server$RpcCall.run(Server.java:788)
	at java.security.AccessController.doPrivileged(Native Method)
	at javax.security.auth.Subject.doAs(Subject.java:422)
	at org.apache.hadoop.security.UserGroupInformation.doAs(UserGroupInformation.java:1807)
	at org.apache.hadoop.ipc.Server$Handler.run(Server.java:2455)

	at org.apache.pig.impl.io.FileLocalizer.getTempContainer(FileLocalizer.java:510)
	at org.apache.pig.impl.io.FileLocalizer.relativeRoot(FileLocalizer.java:467)
	at org.apache.pig.impl.io.FileLocalizer.getTemporaryPath(FileLocalizer.java:549)
	at org.apache.pig.impl.io.FileLocalizer.getTemporaryPath(FileLocalizer.java:545)
	at org.apache.pig.PigServer.openIterator(PigServer.java:994)
	... 13 more
Caused by: org.apache.hadoop.hdfs.server.namenode.SafeModeException: Cannot create directory /tmp/temp1965717522. Name node is in safe mode.
The reported blocks 2280 needs additional 32 blocks to reach the threshold 0.9990 of total blocks 2315.
The number of live datanodes 1 has reached the minimum number 0. Safe mode will be turned off automatically once the thresholds have been reached.
	at org.apache.hadoop.hdfs.server.namenode.FSNamesystem.newSafemodeException(FSNamesystem.java:1372)
	at org.apache.hadoop.hdfs.server.namenode.FSNamesystem.checkNameNodeSafeMode(FSNamesystem.java:1360)
	at org.apache.hadoop.hdfs.server.namenode.FSNamesystem.mkdirs(FSNamesystem.java:2969)
	at org.apache.hadoop.hdfs.server.namenode.NameNodeRpcServer.mkdirs(NameNodeRpcServer.java:1078)
	at org.apache.hadoop.hdfs.protocolPB.ClientNamenodeProtocolServerSideTranslatorPB.mkdirs(ClientNamenodeProtocolServerSideTranslatorPB.java:637)
	at org.apache.hadoop.hdfs.protocol.proto.ClientNamenodeProtocolProtos$ClientNamenodeProtocol$2.callBlockingMethod(ClientNamenodeProtocolProtos.java)
	at org.apache.hadoop.ipc.ProtobufRpcEngine$Server$ProtoBufRpcInvoker.call(ProtobufRpcEngine.java:447)
	at org.apache.hadoop.ipc.RPC$Server.call(RPC.java:989)
	at org.apache.hadoop.ipc.Server$RpcCall.run(Server.java:845)
	at org.apache.hadoop.ipc.Server$RpcCall.run(Server.java:788)
	at java.security.AccessController.doPrivileged(Native Method)
	at javax.security.auth.Subject.doAs(Subject.java:422)
	at org.apache.hadoop.security.UserGroupInformation.doAs(UserGroupInformation.java:1807)
	at org.apache.hadoop.ipc.Server$Handler.run(Server.java:2455)

	at sun.reflect.NativeConstructorAccessorImpl.newInstance0(Native Method)
	at sun.reflect.NativeConstructorAccessorImpl.newInstance(NativeConstructorAccessorImpl.java:62)
	at sun.reflect.DelegatingConstructorAccessorImpl.newInstance(DelegatingConstructorAccessorImpl.java:45)
	at java.lang.reflect.Constructor.newInstance(Constructor.java:423)
	at org.apache.hadoop.ipc.RemoteException.instantiateException(RemoteException.java:121)
	at org.apache.hadoop.ipc.RemoteException.unwrapRemoteException(RemoteException.java:88)
	at org.apache.hadoop.hdfs.DFSClient.primitiveMkdir(DFSClient.java:2527)
	at org.apache.hadoop.hdfs.DFSClient.mkdirs(DFSClient.java:2500)
	at org.apache.hadoop.hdfs.DistributedFileSystem$25.doCall(DistributedFileSystem.java:1155)
	at org.apache.hadoop.hdfs.DistributedFileSystem$25.doCall(DistributedFileSystem.java:1152)
	at org.apache.hadoop.fs.FileSystemLinkResolver.resolve(FileSystemLinkResolver.java:81)
	at org.apache.hadoop.hdfs.DistributedFileSystem.mkdirsInternal(DistributedFileSystem.java:1152)
	at org.apache.hadoop.hdfs.DistributedFileSystem.mkdirs(DistributedFileSystem.java:1144)
	at org.apache.hadoop.fs.FileSystem.mkdirs(FileSystem.java:1913)
	at org.apache.pig.backend.hadoop.datastorage.HDirectory.create(HDirectory.java:63)
	at org.apache.pig.backend.hadoop.datastorage.HPath.create(HPath.java:164)
	at org.apache.pig.impl.io.FileLocalizer.createContainer(FileLocalizer.java:517)
	at org.apache.pig.impl.io.FileLocalizer.getTempContainer(FileLocalizer.java:507)
	... 17 more
Caused by: org.apache.hadoop.ipc.RemoteException(org.apache.hadoop.hdfs.server.namenode.SafeModeException): Cannot create directory /tmp/temp1965717522. Name node is in safe mode.
The reported blocks 2280 needs additional 32 blocks to reach the threshold 0.9990 of total blocks 2315.
The number of live datanodes 1 has reached the minimum number 0. Safe mode will be turned off automatically once the thresholds have been reached.
	at org.apache.hadoop.hdfs.server.namenode.FSNamesystem.newSafemodeException(FSNamesystem.java:1372)
	at org.apache.hadoop.hdfs.server.namenode.FSNamesystem.checkNameNodeSafeMode(FSNamesystem.java:1360)
	at org.apache.hadoop.hdfs.server.namenode.FSNamesystem.mkdirs(FSNamesystem.java:2969)
	at org.apache.hadoop.hdfs.server.namenode.NameNodeRpcServer.mkdirs(NameNodeRpcServer.java:1078)
	at org.apache.hadoop.hdfs.protocolPB.ClientNamenodeProtocolServerSideTranslatorPB.mkdirs(ClientNamenodeProtocolServerSideTranslatorPB.java:637)
	at org.apache.hadoop.hdfs.protocol.proto.ClientNamenodeProtocolProtos$ClientNamenodeProtocol$2.callBlockingMethod(ClientNamenodeProtocolProtos.java)
	at org.apache.hadoop.ipc.ProtobufRpcEngine$Server$ProtoBufRpcInvoker.call(ProtobufRpcEngine.java:447)
	at org.apache.hadoop.ipc.RPC$Server.call(RPC.java:989)
	at org.apache.hadoop.ipc.Server$RpcCall.run(Server.java:845)
	at org.apache.hadoop.ipc.Server$RpcCall.run(Server.java:788)
	at java.security.AccessController.doPrivileged(Native Method)
	at javax.security.auth.Subject.doAs(Subject.java:422)
	at org.apache.hadoop.security.UserGroupInformation.doAs(UserGroupInformation.java:1807)
	at org.apache.hadoop.ipc.Server$Handler.run(Server.java:2455)

	at org.apache.hadoop.ipc.Client.getRpcResponse(Client.java:1481)
	at org.apache.hadoop.ipc.Client.call(Client.java:1427)
	at org.apache.hadoop.ipc.Client.call(Client.java:1337)
	at org.apache.hadoop.ipc.ProtobufRpcEngine$Invoker.invoke(ProtobufRpcEngine.java:227)
	at org.apache.hadoop.ipc.ProtobufRpcEngine$Invoker.invoke(ProtobufRpcEngine.java:116)
	at com.sun.proxy.$Proxy10.mkdirs(Unknown Source)
	at org.apache.hadoop.hdfs.protocolPB.ClientNamenodeProtocolTranslatorPB.mkdirs(ClientNamenodeProtocolTranslatorPB.java:574)
	at sun.reflect.NativeMethodAccessorImpl.invoke0(Native Method)
	at sun.reflect.NativeMethodAccessorImpl.invoke(NativeMethodAccessorImpl.java:62)
	at sun.reflect.DelegatingMethodAccessorImpl.invoke(DelegatingMethodAccessorImpl.java:43)
	at java.lang.reflect.Method.invoke(Method.java:498)
	at org.apache.hadoop.io.retry.RetryInvocationHandler.invokeMethod(RetryInvocationHandler.java:398)
	at org.apache.hadoop.io.retry.RetryInvocationHandler$Call.invokeMethod(RetryInvocationHandler.java:163)
	at org.apache.hadoop.io.retry.RetryInvocationHandler$Call.invoke(RetryInvocationHandler.java:155)
	at org.apache.hadoop.io.retry.RetryInvocationHandler$Call.invokeOnce(RetryInvocationHandler.java:95)
	at org.apache.hadoop.io.retry.RetryInvocationHandler.invoke(RetryInvocationHandler.java:335)
	at com.sun.proxy.$Proxy11.mkdirs(Unknown Source)
	at org.apache.hadoop.hdfs.DFSClient.primitiveMkdir(DFSClient.java:2525)
	... 28 more
================================================================================
